********************************************************************************
DUPLICATOR-LITE PACKAGE-LOG: 1 March 2019 19 h 39 min
NOTICE: Do NOT post to public sites or forums 
********************************************************************************
VERSION:	1.3.8
WORDPRESS:	5.0.3
PHP INFO:	5.6.30 | SAPI: apache2handler
SERVER:		Apache/2.4.25 (Win32) PHP/5.6.30 
PHP TIME LIMIT: (0) no time limit imposed 
PHP MAX MEMORY: 4294967296 (128M default) 
MEMORY STACK: 25MB 

********************************************************************************
DATABASE:
********************************************************************************
BUILD MODE:   PHP(query limit - 100)
MYSQLTIMEOUT: 5000
MYSQLDUMP:    Not Supported 
TABLES: total:13 | filtered:0 | create:13 
FILTERED: [] 
SQL CREATED: 20190301_veille_2019_11adb57be499dc065480_20190301193934_database.sql 
SQL FILE SIZE: 155.62KB (159350) 
SQL FILE TIME: 2019-03-01 19:39:44 
SQL RUNTIME: 0.50 sec. 

******************************************************************************** 
ARCHIVE (ZIP): 
******************************************************************************** 
ARCHIVE DIR:  F:/-------------LOGICIELS----------------/EasyPHP-Devserver-17/eds-www/wp-veille/wordpress 
ARCHIVE FILE: 20190301_veille_2019_11adb57be499dc065480_20190301193934_archive.zip 
FILTERS: *OFF* 
DIRS:
	not set 
FILES:
	not set 
EXTS:  not set 
---------------------------------------- 
COMPRESSING 
SIZE:	47.93MB 
STATS:	Dirs 386 | Files 2,208 
SQL ADDED: 20190301_veille_2019_11adb57be499dc065480_20190301193934_database.sql 
ZipArchive Object
(
    [status] => 0
    [statusSys] => 0
    [numFiles] => 2594
    [filename] => F:\-------------LOGICIELS----------------\EasyPHP-Devserver-17\eds-www\wp-veille\wordpress\wp-snapshots\tmp\20190301_veille_2019_11adb57be499dc065480_20190301193934_archive.zip
    [comment] => 
)
 
FILE ADDED TO ZIP: 2593 
COMPRESSION RESULT: '1' 
COMPRESSED SIZE: 14.51MB 
ARCHIVE RUNTIME: 41.53 sec. 
MEMORY STACK: 26MB 
building installer 
add_extra_files1 
add_extra_files2 
add_extra_files3 
add_extra_files4 
Doing archive file check 
add_extra_files5 
add_extra_files6 
add_extra_files8 
Successfully opened zip F:/-------------LOGICIELS----------------/EasyPHP-Devserver-17/eds-www/wp-veille/wordpress/wp-snapshots/tmp/20190301_veille_2019_11adb57be499dc065480_20190301193934_archive.zip 
Adding enhanced installer files to archive using ZipArchive 
Installer files added to archive 
Added to archive 
After ziparchive close when adding installer 

******************************************************************************** 
INTEGRITY CHECKS: 
******************************************************************************** 
SQL FILE: 155.62KB 
INSTALLER FILE: 44.54KB 
ARCHIVE FILE: 15.35MB  
EXPECTED FILE/DIRECTORY COUNT: 2,594 
ACTUAL FILE/DIRECTORY COUNT: 2,593 
ARCHIVE CONSISTENCY TEST: Pass 

********************************************************************************
RECORD ID:[1]
TOTAL PROCESS RUNTIME: 43.31 sec.
PEAK PHP MEMORY USED: 27.75MB
DONE PROCESSING => 20190301_veille_2019 1 March 2019 19 h 40 min
 
